<?xml version="1.0" encoding="UTF-8"?>
<!-- Generated by org.testng.reporters.JUnitReportReporter -->
<testsuite hostname="ASDA0081" name="com.qait.automation_test.NewTest" tests="8" failures="0" timestamp="10 Jul 2018 11:23:48 GMT" time="10.343" errors="0">
  <testcase name="test02BrokenImages" time="0.375" classname="com.qait.automation_test.NewTest"/>
  <testcase name="test05status_code" time="0.405" classname="com.qait.automation_test.NewTest"/>
  <testcase name="test06WYSIWYG" time="1.216" classname="com.qait.automation_test.NewTest"/>
  <testcase name="test07login" time="0.653" classname="com.qait.automation_test.NewTest"/>
  <testcase name="test01BasicAuth" time="1.247" classname="com.qait.automation_test.NewTest"/>
  <testcase name="test04table" time="0.369" classname="com.qait.automation_test.NewTest"/>
  <testcase name="test08login2" time="0.596" classname="com.qait.automation_test.NewTest"/>
  <testcase name="test03exit_intent" time="5.482" classname="com.qait.automation_test.NewTest"/>
</testsuite> <!-- com.qait.automation_test.NewTest -->
